<?xml version="1.0" encoding="UTF-8"?>
<testsuite name="Project.SchoolBusSupportSystemApplicationTests" tests="1" skipped="0" failures="0" errors="0" timestamp="2017-04-06T11:19:56" hostname="U5NI8XI4FTNION8" time="0.082">
  <properties/>
  <testcase name="contextLoads" classname="Project.SchoolBusSupportSystemApplicationTests" time="0.082"/>
  <system-out><![CDATA[18:19:17.330 [Test worker] DEBUG org.springframework.test.context.junit4.SpringJUnit4ClassRunner - SpringJUnit4ClassRunner constructor called with [class Project.SchoolBusSupportSystemApplicationTests]
18:19:17.352 [Test worker] DEBUG org.springframework.test.context.BootstrapUtils - Instantiating CacheAwareContextLoaderDelegate from class [org.springframework.test.context.cache.DefaultCacheAwareContextLoaderDelegate]
18:19:17.386 [Test worker] DEBUG org.springframework.test.context.BootstrapUtils - Instantiating BootstrapContext using constructor [public org.springframework.test.context.support.DefaultBootstrapContext(java.lang.Class,org.springframework.test.context.CacheAwareContextLoaderDelegate)]
18:19:17.405 [Test worker] DEBUG org.springframework.test.context.BootstrapUtils - Instantiating TestContextBootstrapper for test class [Project.SchoolBusSupportSystemApplicationTests] from class [org.springframework.boot.test.context.SpringBootTestContextBootstrapper]
18:19:17.460 [Test worker] INFO org.springframework.boot.test.context.SpringBootTestContextBootstrapper - Neither @ContextConfiguration nor @ContextHierarchy found for test class [Project.SchoolBusSupportSystemApplicationTests], using SpringBootContextLoader
18:19:17.464 [Test worker] DEBUG org.springframework.test.context.support.AbstractContextLoader - Did not detect default resource location for test class [Project.SchoolBusSupportSystemApplicationTests]: class path resource [Project/SchoolBusSupportSystemApplicationTests-context.xml] does not exist
18:19:17.464 [Test worker] DEBUG org.springframework.test.context.support.AbstractContextLoader - Did not detect default resource location for test class [Project.SchoolBusSupportSystemApplicationTests]: class path resource [Project/SchoolBusSupportSystemApplicationTestsContext.groovy] does not exist
18:19:17.464 [Test worker] INFO org.springframework.test.context.support.AbstractContextLoader - Could not detect default resource locations for test class [Project.SchoolBusSupportSystemApplicationTests]: no resource found for suffixes {-context.xml, Context.groovy}.
18:19:17.465 [Test worker] INFO org.springframework.test.context.support.AnnotationConfigContextLoaderUtils - Could not detect default configuration classes for test class [Project.SchoolBusSupportSystemApplicationTests]: SchoolBusSupportSystemApplicationTests does not declare any static, non-private, non-final, nested classes annotated with @Configuration.
18:19:17.574 [Test worker] DEBUG org.springframework.test.context.support.ActiveProfilesUtils - Could not find an 'annotation declaring class' for annotation type [org.springframework.test.context.ActiveProfiles] and class [Project.SchoolBusSupportSystemApplicationTests]
18:19:17.807 [Test worker] DEBUG org.springframework.core.env.StandardEnvironment - Adding [systemProperties] PropertySource with lowest search precedence
18:19:17.808 [Test worker] DEBUG org.springframework.core.env.StandardEnvironment - Adding [systemEnvironment] PropertySource with lowest search precedence
18:19:17.808 [Test worker] DEBUG org.springframework.core.env.StandardEnvironment - Initialized StandardEnvironment with PropertySources [systemProperties,systemEnvironment]
18:19:17.825 [Test worker] DEBUG org.springframework.core.io.support.PathMatchingResourcePatternResolver - Resolved classpath location [Project/] to resources [URL [file:/E:/4D_1/Project1/SchoolBusSupportSystem/build/classes/test/Project/], URL [file:/E:/4D_1/Project1/SchoolBusSupportSystem/build/classes/main/Project/]]
18:19:17.825 [Test worker] DEBUG org.springframework.core.io.support.PathMatchingResourcePatternResolver - Looking for matching resources in directory tree [E:\4D_1\Project1\SchoolBusSupportSystem\build\classes\test\Project]
18:19:17.826 [Test worker] DEBUG org.springframework.core.io.support.PathMatchingResourcePatternResolver - Searching directory [E:\4D_1\Project1\SchoolBusSupportSystem\build\classes\test\Project] for files matching pattern [E:/4D_1/Project1/SchoolBusSupportSystem/build/classes/test/Project/*.class]
18:19:17.829 [Test worker] DEBUG org.springframework.core.io.support.PathMatchingResourcePatternResolver - Looking for matching resources in directory tree [E:\4D_1\Project1\SchoolBusSupportSystem\build\classes\main\Project]
18:19:17.830 [Test worker] DEBUG org.springframework.core.io.support.PathMatchingResourcePatternResolver - Searching directory [E:\4D_1\Project1\SchoolBusSupportSystem\build\classes\main\Project] for files matching pattern [E:/4D_1/Project1/SchoolBusSupportSystem/build/classes/main/Project/*.class]
18:19:17.832 [Test worker] DEBUG org.springframework.core.io.support.PathMatchingResourcePatternResolver - Resolved location pattern [classpath*:Project/*.class] to resources [file [E:\4D_1\Project1\SchoolBusSupportSystem\build\classes\test\Project\SchoolBusSupportSystemApplicationTests.class], file [E:\4D_1\Project1\SchoolBusSupportSystem\build\classes\main\Project\SchoolBusSupportSystemApplication.class]]
18:19:17.886 [Test worker] DEBUG org.springframework.context.annotation.ClassPathScanningCandidateComponentProvider - Identified candidate component class: file [E:\4D_1\Project1\SchoolBusSupportSystem\build\classes\main\Project\SchoolBusSupportSystemApplication.class]
18:19:17.887 [Test worker] INFO org.springframework.boot.test.context.SpringBootTestContextBootstrapper - Found @SpringBootConfiguration Project.SchoolBusSupportSystemApplication for test class Project.SchoolBusSupportSystemApplicationTests
18:19:17.892 [Test worker] DEBUG org.springframework.boot.test.context.SpringBootTestContextBootstrapper - @TestExecutionListeners is not present for class [Project.SchoolBusSupportSystemApplicationTests]: using defaults.
18:19:17.898 [Test worker] INFO org.springframework.boot.test.context.SpringBootTestContextBootstrapper - Loaded default TestExecutionListener class names from location [META-INF/spring.factories]: [org.springframework.boot.test.mock.mockito.MockitoTestExecutionListener, org.springframework.boot.test.mock.mockito.ResetMocksTestExecutionListener, org.springframework.boot.test.autoconfigure.AutoConfigureReportTestExecutionListener, org.springframework.boot.test.autoconfigure.restdocs.RestDocsTestExecutionListener, org.springframework.boot.test.autoconfigure.web.client.MockRestServiceServerResetTestExecutionListener, org.springframework.test.context.web.ServletTestExecutionListener, org.springframework.test.context.support.DirtiesContextBeforeModesTestExecutionListener, org.springframework.test.context.support.DependencyInjectionTestExecutionListener, org.springframework.test.context.support.DirtiesContextTestExecutionListener, org.springframework.test.context.transaction.TransactionalTestExecutionListener, org.springframework.test.context.jdbc.SqlScriptsTestExecutionListener]
18:19:19.580 [Test worker] INFO org.springframework.boot.test.context.SpringBootTestContextBootstrapper - Using TestExecutionListeners: [org.springframework.test.context.web.ServletTestExecutionListener@7b10892f, org.springframework.test.context.support.DirtiesContextBeforeModesTestExecutionListener@6e35e4b2, org.springframework.boot.test.autoconfigure.AutoConfigureReportTestExecutionListener@3b97c062, org.springframework.test.context.support.DependencyInjectionTestExecutionListener@14a9b08c, org.springframework.test.context.support.DirtiesContextTestExecutionListener@6b8f0ac7, org.springframework.test.context.transaction.TransactionalTestExecutionListener@2a5e7370, org.springframework.test.context.jdbc.SqlScriptsTestExecutionListener@2fcf3289, org.springframework.boot.test.mock.mockito.MockitoTestExecutionListener@763bca2c, org.springframework.boot.test.autoconfigure.web.client.MockRestServiceServerResetTestExecutionListener@65713f1e, org.springframework.boot.test.mock.mockito.ResetMocksTestExecutionListener@3c6d0533, org.springframework.boot.test.autoconfigure.restdocs.RestDocsTestExecutionListener@6a60334d]
18:19:19.685 [Test worker] DEBUG org.springframework.test.annotation.ProfileValueUtils - Retrieved @ProfileValueSourceConfiguration [null] for test class [Project.SchoolBusSupportSystemApplicationTests]
18:19:19.685 [Test worker] DEBUG org.springframework.test.annotation.ProfileValueUtils - Retrieved ProfileValueSource type [class org.springframework.test.annotation.SystemProfileValueSource] for class [Project.SchoolBusSupportSystemApplicationTests]
18:19:19.817 [Test worker] DEBUG org.springframework.test.annotation.ProfileValueUtils - Retrieved @ProfileValueSourceConfiguration [null] for test class [Project.SchoolBusSupportSystemApplicationTests]
18:19:19.817 [Test worker] DEBUG org.springframework.test.annotation.ProfileValueUtils - Retrieved ProfileValueSource type [class org.springframework.test.annotation.SystemProfileValueSource] for class [Project.SchoolBusSupportSystemApplicationTests]
18:19:19.822 [Test worker] DEBUG org.springframework.test.context.support.AbstractDirtiesContextTestExecutionListener - Before test class: context [DefaultTestContext@1af75155 testClass = SchoolBusSupportSystemApplicationTests, testInstance = [null], testMethod = [null], testException = [null], mergedContextConfiguration = [WebMergedContextConfiguration@26616e18 testClass = SchoolBusSupportSystemApplicationTests, locations = '{}', classes = '{class Project.SchoolBusSupportSystemApplication}', contextInitializerClasses = '[]', activeProfiles = '{}', propertySourceLocations = '{}', propertySourceProperties = '{org.springframework.boot.test.context.SpringBootTestContextBootstrapper=true}', contextCustomizers = set[org.springframework.boot.test.context.SpringBootTestContextCustomizer@751d7cf7, org.springframework.boot.test.context.filter.ExcludeFilterContextCustomizer@60f21913, org.springframework.boot.test.mock.mockito.MockitoContextCustomizer@0, org.springframework.boot.test.autoconfigure.properties.PropertyMappingContextCustomizer@0], resourceBasePath = 'src/main/webapp', contextLoader = 'org.springframework.boot.test.context.SpringBootContextLoader', parent = [null]]], class annotated with @DirtiesContext [false] with mode [null].
18:19:19.823 [Test worker] DEBUG org.springframework.test.annotation.ProfileValueUtils - Retrieved @ProfileValueSourceConfiguration [null] for test class [Project.SchoolBusSupportSystemApplicationTests]
18:19:19.823 [Test worker] DEBUG org.springframework.test.annotation.ProfileValueUtils - Retrieved ProfileValueSource type [class org.springframework.test.annotation.SystemProfileValueSource] for class [Project.SchoolBusSupportSystemApplicationTests]
18:19:19.857 [Test worker] DEBUG org.springframework.core.env.StandardEnvironment - Adding [systemProperties] PropertySource with lowest search precedence
18:19:19.858 [Test worker] DEBUG org.springframework.core.env.StandardEnvironment - Adding [systemEnvironment] PropertySource with lowest search precedence
18:19:19.858 [Test worker] DEBUG org.springframework.core.env.StandardEnvironment - Initialized StandardEnvironment with PropertySources [systemProperties,systemEnvironment]
18:19:19.859 [Test worker] DEBUG org.springframework.test.context.support.TestPropertySourceUtils - Adding inlined properties to environment: {spring.jmx.enabled=false, org.springframework.boot.test.context.SpringBootTestContextBootstrapper=true, server.port=-1}
18:19:19.859 [Test worker] DEBUG org.springframework.core.env.StandardEnvironment - Adding [Inlined Test Properties] PropertySource with highest search precedence

  .   ____          _            __ _ _
 /\\ / ___'_ __ _ _(_)_ __  __ _ \ \ \ \
( ( )\___ | '_ | '_| | '_ \/ _` | \ \ \ \
 \\/  ___)| |_)| | | | | || (_| |  ) ) ) )
  '  |____| .__|_| |_|_| |_\__, | / / / /
 =========|_|==============|___/=/_/_/_/
 :: Spring Boot ::        (v1.4.0.RELEASE)

2017-04-06 18:19:28.065  INFO 54680 --- [    Test worker] P.SchoolBusSupportSystemApplicationTests : Starting SchoolBusSupportSystemApplicationTests on U5NI8XI4FTNION8 with PID 54680 (started by User in E:\4D_1\Project1\SchoolBusSupportSystem)
2017-04-06 18:19:28.066  INFO 54680 --- [    Test worker] P.SchoolBusSupportSystemApplicationTests : No active profile set, falling back to default profiles: default
2017-04-06 18:19:29.442  INFO 54680 --- [    Test worker] o.s.w.c.s.GenericWebApplicationContext   : Refreshing org.springframework.web.context.support.GenericWebApplicationContext@57c49998: startup date [Thu Apr 06 18:19:29 ICT 2017]; root of context hierarchy
2017-04-06 18:19:35.118  INFO 54680 --- [    Test worker] trationDelegate$BeanPostProcessorChecker : Bean 'org.springframework.transaction.annotation.ProxyTransactionManagementConfiguration' of type [class org.springframework.transaction.annotation.ProxyTransactionManagementConfiguration$$EnhancerBySpringCGLIB$$43a2e989] is not eligible for getting processed by all BeanPostProcessors (for example: not eligible for auto-proxying)
2017-04-06 18:19:55.229  INFO 54680 --- [    Test worker] s.w.s.m.m.a.RequestMappingHandlerAdapter : Looking for @ControllerAdvice: org.springframework.web.context.support.GenericWebApplicationContext@57c49998: startup date [Thu Apr 06 18:19:29 ICT 2017]; root of context hierarchy
2017-04-06 18:19:55.330  INFO 54680 --- [    Test worker] s.w.s.m.m.a.RequestMappingHandlerMapping : Mapped "{[/getPicFromCamera],methods=[GET]}" onto public boolean Project.Controller.CameraController.getPicFromCamera()
2017-04-06 18:19:55.338  INFO 54680 --- [    Test worker] s.w.s.m.m.a.RequestMappingHandlerMapping : Mapped "{[/cancelStudentTrip],methods=[POST]}" onto public boolean Project.Controller.InformationController.cancelStudentTrip(java.util.ArrayList<java.lang.Integer>)
2017-04-06 18:19:55.338  INFO 54680 --- [    Test worker] s.w.s.m.m.a.RequestMappingHandlerMapping : Mapped "{[/getTeacherById],methods=[POST]}" onto public Project.Model.Person.Person Project.Controller.InformationController.getPersonByPersonId(int)
2017-04-06 18:19:55.339  INFO 54680 --- [    Test worker] s.w.s.m.m.a.RequestMappingHandlerMapping : Mapped "{[/updateFireBaseToken],methods=[POST]}" onto public java.lang.Boolean Project.Controller.InformationController.updateFireBaseToken(int,java.lang.String)
2017-04-06 18:19:55.339  INFO 54680 --- [    Test worker] s.w.s.m.m.a.RequestMappingHandlerMapping : Mapped "{[/getStudentsByTeacherOrParent],methods=[POST]}" onto public java.util.ArrayList<Project.Model.Person.Student> Project.Controller.InformationController.getStudentsByTeacherOrParent(int)
2017-04-06 18:19:55.340  INFO 54680 --- [    Test worker] s.w.s.m.m.a.RequestMappingHandlerMapping : Mapped "{[/addParentAndStudentRelationships],methods=[POST]}" onto public java.lang.Boolean Project.Controller.InformationController.addParentAndStudentRelationships(int,java.util.ArrayList<java.lang.Integer>)
2017-04-06 18:19:55.340  INFO 54680 --- [    Test worker] s.w.s.m.m.a.RequestMappingHandlerMapping : Mapped "{[/getAllStudentInCurrentTrip],methods=[POST]}" onto public java.util.ArrayList<Project.Model.Person.Student> Project.Controller.InformationController.getAllStudentInCurrentTrip(int)
2017-04-06 18:19:55.340  INFO 54680 --- [    Test worker] s.w.s.m.m.a.RequestMappingHandlerMapping : Mapped "{[/getAllStudentInBus],methods=[POST]}" onto public java.lang.String Project.Controller.InformationController.getAllStudentInBus(int)
2017-04-06 18:19:55.340  INFO 54680 --- [    Test worker] s.w.s.m.m.a.RequestMappingHandlerMapping : Mapped "{[/addTeacherAndStudentRelationships],methods=[POST]}" onto public java.lang.Boolean Project.Controller.InformationController.addTeacherAndStudentRelationships(int,java.util.ArrayList<java.lang.Integer>,java.lang.String)
2017-04-06 18:19:55.341  INFO 54680 --- [    Test worker] s.w.s.m.m.a.RequestMappingHandlerMapping : Mapped "{[/getPerson],methods=[POST]}" onto public Project.Model.Person.Person Project.Controller.InformationController.getPerson(int)
2017-04-06 18:19:55.341  INFO 54680 --- [    Test worker] s.w.s.m.m.a.RequestMappingHandlerMapping : Mapped "{[/getBusDetail],methods=[POST]}" onto public java.lang.String Project.Controller.InformationController.getBusDetail(int)
2017-04-06 18:19:55.341  INFO 54680 --- [    Test worker] s.w.s.m.m.a.RequestMappingHandlerMapping : Mapped "{[/addStudentsTrip],methods=[POST]}" onto boolean Project.Controller.InformationController.addStudentsTrip(java.util.ArrayList<java.lang.Integer>,int)
2017-04-06 18:19:55.341  INFO 54680 --- [    Test worker] s.w.s.m.m.a.RequestMappingHandlerMapping : Mapped "{[/setTypeOfService],methods=[POST]}" onto public boolean Project.Controller.InformationController.setTypeOfService(Project.Model.Enumerator.TypeOfService,int)
2017-04-06 18:19:55.342  INFO 54680 --- [    Test worker] s.w.s.m.m.a.RequestMappingHandlerMapping : Mapped "{[/getParents],methods=[POST]}" onto public java.util.ArrayList<Project.Model.Person.Parent> Project.Controller.InformationController.getParents(int)
2017-04-06 18:19:55.342  INFO 54680 --- [    Test worker] s.w.s.m.m.a.RequestMappingHandlerMapping : Mapped "{[/showDriverDetail],methods=[POST]}" onto public Project.Model.Person.Driver Project.Controller.InformationController.showDriverDetail(int)
2017-04-06 18:19:55.343  INFO 54680 --- [    Test worker] s.w.s.m.m.a.RequestMappingHandlerMapping : Mapped "{[/getTeachers],methods=[POST]}" onto public java.util.ArrayList<Project.Model.Person.Teacher> Project.Controller.InformationController.getTeachers(int)
2017-04-06 18:19:55.343  INFO 54680 --- [    Test worker] s.w.s.m.m.a.RequestMappingHandlerMapping : Mapped "{[/getAllStudentInformation],methods=[POST]}" onto public java.util.ArrayList<Project.Model.Person.Student> Project.Controller.InformationController.getAllStudent(int,boolean)
2017-04-06 18:19:55.343  INFO 54680 --- [    Test worker] s.w.s.m.m.a.RequestMappingHandlerMapping : Mapped "{[/getStudentInformation],methods=[POST]}" onto public Project.Model.Person.Student Project.Controller.InformationController.getStudent(int)
2017-04-06 18:19:55.343  INFO 54680 --- [    Test worker] s.w.s.m.m.a.RequestMappingHandlerMapping : Mapped "{[/getStudentInformationWeb],methods=[POST]}" onto public Project.Model.Person.Student Project.Controller.InformationController.getStudentWeb(int)
2017-04-06 18:19:55.344  INFO 54680 --- [    Test worker] s.w.s.m.m.a.RequestMappingHandlerMapping : Mapped "{[/getPersons],methods=[POST]}" onto public java.util.ArrayList<Project.Model.Person.Person> Project.Controller.InformationController.getPersons()
2017-04-06 18:19:55.344  INFO 54680 --- [    Test worker] s.w.s.m.m.a.RequestMappingHandlerMapping : Mapped "{[/getImageFromBus],methods=[POST]}" onto public java.lang.String Project.Controller.InformationController.getImageFromBus(int)
2017-04-06 18:19:55.344  INFO 54680 --- [    Test worker] s.w.s.m.m.a.RequestMappingHandlerMapping : Mapped "{[/getAllPassengerInformation],methods=[POST]}" onto public java.lang.String Project.Controller.InformationController.getPassenger(int,boolean)
2017-04-06 18:19:55.344  INFO 54680 --- [    Test worker] s.w.s.m.m.a.RequestMappingHandlerMapping : Mapped "{[/saveCamera],methods=[POST]}" onto public boolean Project.Controller.InformationController.saveCamera(int,java.lang.String,boolean)
2017-04-06 18:19:55.345  INFO 54680 --- [    Test worker] s.w.s.m.m.a.RequestMappingHandlerMapping : Mapped "{[/getSchoolDetail],methods=[POST]}" onto public Project.Model.School Project.Controller.InformationController.getSchoolDetail(java.lang.String)
2017-04-06 18:19:55.345  INFO 54680 --- [    Test worker] s.w.s.m.m.a.RequestMappingHandlerMapping : Mapped "{[/getPersonImage],methods=[POST]}" onto public java.lang.String Project.Controller.InformationController.getPersonImage(int)
2017-04-06 18:19:55.345  INFO 54680 --- [    Test worker] s.w.s.m.m.a.RequestMappingHandlerMapping : Mapped "{[/getAllParents],methods=[POST]}" onto public java.util.ArrayList<Project.Model.Person.Person> Project.Controller.InformationController.getAllParents()
2017-04-06 18:19:55.345  INFO 54680 --- [    Test worker] s.w.s.m.m.a.RequestMappingHandlerMapping : Mapped "{[/testVelo],methods=[POST]}" onto public double Project.Controller.InformationController.testVelo(java.sql.Timestamp,java.sql.Timestamp,double,double,double,double)
2017-04-06 18:19:55.345  INFO 54680 --- [    Test worker] s.w.s.m.m.a.RequestMappingHandlerMapping : Mapped "{[/clearTrip],methods=[POST]}" onto public boolean Project.Controller.InformationController.clearTrip()
2017-04-06 18:19:55.346  INFO 54680 --- [    Test worker] s.w.s.m.m.a.RequestMappingHandlerMapping : Mapped "{[/getAllTeachers],methods=[POST]}" onto public java.util.ArrayList<Project.Model.Person.Person> Project.Controller.InformationController.getAllTeachers()
2017-04-06 18:19:55.346  INFO 54680 --- [    Test worker] s.w.s.m.m.a.RequestMappingHandlerMapping : Mapped "{[/deletePerson],methods=[POST]}" onto public boolean Project.Controller.InformationController.deletePerson(int)
2017-04-06 18:19:55.347  INFO 54680 --- [    Test worker] s.w.s.m.m.a.RequestMappingHandlerMapping : Mapped "{[/register],methods=[POST]}" onto public java.lang.String Project.Controller.MemberController.register(java.lang.String)
2017-04-06 18:19:55.347  INFO 54680 --- [    Test worker] s.w.s.m.m.a.RequestMappingHandlerMapping : Mapped "{[/signOnWithFb],methods=[POST]}" onto public java.lang.String Project.Controller.MemberController.signOnWithFacebook(java.lang.String)
2017-04-06 18:19:55.347  INFO 54680 --- [    Test worker] s.w.s.m.m.a.RequestMappingHandlerMapping : Mapped "{[/signIn],methods=[POST]}" onto public java.lang.String Project.Controller.MemberController.logIn(java.lang.String,java.lang.String)
2017-04-06 18:19:55.348  INFO 54680 --- [    Test worker] s.w.s.m.m.a.RequestMappingHandlerMapping : Mapped "{[/addStudent],methods=[POST]}" onto public boolean Project.Controller.MemberController.addStudent(java.lang.String,java.lang.String,java.lang.String,java.lang.String,Project.Model.Enumerator.TypeOfService,java.util.ArrayList<java.lang.String>,java.lang.String)
2017-04-06 18:19:55.349  INFO 54680 --- [    Test worker] s.w.s.m.m.a.RequestMappingHandlerMapping : Mapped "{[/signUp],methods=[POST]}" onto public boolean Project.Controller.MemberController.signUp(java.lang.String,java.lang.String,Project.Model.Enumerator.Role,java.lang.String,java.lang.String,java.lang.String,java.util.ArrayList<java.lang.String>,java.lang.String)
2017-04-06 18:19:55.350  INFO 54680 --- [    Test worker] s.w.s.m.m.a.RequestMappingHandlerMapping : Mapped "{[/notify],methods=[POST]}" onto public java.util.ArrayList<java.lang.String> Project.Controller.NotificationController.notifyAll(java.util.ArrayList<java.lang.Integer>,java.lang.String,java.lang.String)
2017-04-06 18:19:55.350  INFO 54680 --- [    Test worker] s.w.s.m.m.a.RequestMappingHandlerMapping : Mapped "{[/studentArrival],methods=[POST]}" onto public java.util.ArrayList<java.lang.String> Project.Controller.NotificationController.studentArrival(int,java.lang.String)
2017-04-06 18:19:55.350  INFO 54680 --- [    Test worker] s.w.s.m.m.a.RequestMappingHandlerMapping : Mapped "{[/schoolArrival],methods=[POST]}" onto public java.util.ArrayList<java.lang.String> Project.Controller.NotificationController.schoolArrival(int,java.lang.String)
2017-04-06 18:19:55.351  INFO 54680 --- [    Test worker] s.w.s.m.m.a.RequestMappingHandlerMapping : Mapped "{[/setAlarm],methods=[POST]}" onto public boolean Project.Controller.NotificationController.setAlarm(int,int,int)
2017-04-06 18:19:55.352  INFO 54680 --- [    Test worker] s.w.s.m.m.a.RequestMappingHandlerMapping : Mapped "{[/getAllCurrentBusPosition],methods=[POST]}" onto public java.util.ArrayList<Project.Model.Position.Bus> Project.Controller.PositionController.getAllCurrentBusPosition()
2017-04-06 18:19:55.353  INFO 54680 --- [    Test worker] s.w.s.m.m.a.RequestMappingHandlerMapping : Mapped "{[/getBusCurrentPosition],methods=[POST]}" onto public Project.Model.Position.Bus Project.Controller.PositionController.getBusCurrentPosition(int)
2017-04-06 18:19:55.353  INFO 54680 --- [    Test worker] s.w.s.m.m.a.RequestMappingHandlerMapping : Mapped "{[/addTemporary],methods=[POST]}" onto public boolean Project.Controller.PositionController.addTemporaryRoute(int,double,double,java.lang.String,java.lang.String,int)
2017-04-06 18:19:55.354  INFO 54680 --- [    Test worker] s.w.s.m.m.a.RequestMappingHandlerMapping : Mapped "{[/getOnOrOffBus],methods=[POST]}" onto public java.lang.String Project.Controller.PositionController.getOnOrOffBus(int,int,double,double,boolean,Project.Model.Enumerator.IsInBus)
2017-04-06 18:19:55.354  INFO 54680 --- [    Test worker] s.w.s.m.m.a.RequestMappingHandlerMapping : Mapped "{[/deleteRoute],methods=[POST]}" onto public boolean Project.Controller.PositionController.deleteRoute(int)
2017-04-06 18:19:55.354  INFO 54680 --- [    Test worker] s.w.s.m.m.a.RequestMappingHandlerMapping : Mapped "{[/getAllBusRoute],methods=[POST]}" onto public java.util.ArrayList<Project.Model.Position.Route> Project.Controller.PositionController.getAllBusRoute()
2017-04-06 18:19:55.354  INFO 54680 --- [    Test worker] s.w.s.m.m.a.RequestMappingHandlerMapping : Mapped "{[/setBusRoute],methods=[POST]}" onto public boolean Project.Controller.PositionController.setBusRoute(int,int)
2017-04-06 18:19:55.355  INFO 54680 --- [    Test worker] s.w.s.m.m.a.RequestMappingHandlerMapping : Mapped "{[/addRoute],methods=[POST]}" onto public java.lang.Integer Project.Controller.PositionController.addRoute(java.util.ArrayList<java.lang.Double>,java.util.ArrayList<java.lang.Double>,Project.Model.Enumerator.Type,java.util.ArrayList<java.lang.String>,java.util.ArrayList<java.lang.String>,java.util.ArrayList<java.lang.Integer>)
2017-04-06 18:19:55.355  INFO 54680 --- [    Test worker] s.w.s.m.m.a.RequestMappingHandlerMapping : Mapped "{[/timeEstimation],methods=[POST]}" onto public java.lang.String Project.Controller.PositionController.timeEstimation(int)
2017-04-06 18:19:55.356  INFO 54680 --- [    Test worker] s.w.s.m.m.a.RequestMappingHandlerMapping : Mapped "{[/addBusPosition],methods=[POST]}" onto public boolean Project.Controller.PositionController.addBusPosition(int,double,double,Project.Model.Enumerator.Status,long)
2017-04-06 18:19:55.356  INFO 54680 --- [    Test worker] s.w.s.m.m.a.RequestMappingHandlerMapping : Mapped "{[/getCurrentRoute],methods=[POST]}" onto public java.util.ArrayList<Project.Model.Position.Position> Project.Controller.PositionController.getCurrentRoute(int)
2017-04-06 18:19:55.356  INFO 54680 --- [    Test worker] s.w.s.m.m.a.RequestMappingHandlerMapping : Mapped "{[/estimateTime],methods=[POST]}" onto public java.lang.String Project.Controller.PositionController.estimateTime(int)
2017-04-06 18:19:55.359  INFO 54680 --- [    Test worker] s.w.s.m.m.a.RequestMappingHandlerMapping : Mapped "{[/error]}" onto public org.springframework.http.ResponseEntity<java.util.Map<java.lang.String, java.lang.Object>> org.springframework.boot.autoconfigure.web.BasicErrorController.error(javax.servlet.http.HttpServletRequest)
2017-04-06 18:19:55.360  INFO 54680 --- [    Test worker] s.w.s.m.m.a.RequestMappingHandlerMapping : Mapped "{[/error],produces=[text/html]}" onto public org.springframework.web.servlet.ModelAndView org.springframework.boot.autoconfigure.web.BasicErrorController.errorHtml(javax.servlet.http.HttpServletRequest,javax.servlet.http.HttpServletResponse)
2017-04-06 18:19:55.411  INFO 54680 --- [    Test worker] o.s.w.s.handler.SimpleUrlHandlerMapping  : Mapped URL path [/webjars/**] onto handler of type [class org.springframework.web.servlet.resource.ResourceHttpRequestHandler]
2017-04-06 18:19:55.411  INFO 54680 --- [    Test worker] o.s.w.s.handler.SimpleUrlHandlerMapping  : Mapped URL path [/**] onto handler of type [class org.springframework.web.servlet.resource.ResourceHttpRequestHandler]
2017-04-06 18:19:55.471  INFO 54680 --- [    Test worker] o.s.w.s.handler.SimpleUrlHandlerMapping  : Mapped URL path [/**/favicon.ico] onto handler of type [class org.springframework.web.servlet.resource.ResourceHttpRequestHandler]
2017-04-06 18:19:56.130  INFO 54680 --- [    Test worker] o.s.b.a.e.mvc.EndpointHandlerMapping     : Mapped "{[/health || /health.json],produces=[application/json]}" onto public java.lang.Object org.springframework.boot.actuate.endpoint.mvc.HealthMvcEndpoint.invoke(java.security.Principal)
2017-04-06 18:19:56.134  INFO 54680 --- [    Test worker] o.s.b.a.e.mvc.EndpointHandlerMapping     : Mapped "{[/beans || /beans.json],methods=[GET],produces=[application/json]}" onto public java.lang.Object org.springframework.boot.actuate.endpoint.mvc.EndpointMvcAdapter.invoke()
2017-04-06 18:19:56.136  INFO 54680 --- [    Test worker] o.s.b.a.e.mvc.EndpointHandlerMapping     : Mapped "{[/env/{name:.*}],methods=[GET],produces=[application/json]}" onto public java.lang.Object org.springframework.boot.actuate.endpoint.mvc.EnvironmentMvcEndpoint.value(java.lang.String)
2017-04-06 18:19:56.136  INFO 54680 --- [    Test worker] o.s.b.a.e.mvc.EndpointHandlerMapping     : Mapped "{[/env || /env.json],methods=[GET],produces=[application/json]}" onto public java.lang.Object org.springframework.boot.actuate.endpoint.mvc.EndpointMvcAdapter.invoke()
2017-04-06 18:19:56.137  INFO 54680 --- [    Test worker] o.s.b.a.e.mvc.EndpointHandlerMapping     : Mapped "{[/trace || /trace.json],methods=[GET],produces=[application/json]}" onto public java.lang.Object org.springframework.boot.actuate.endpoint.mvc.EndpointMvcAdapter.invoke()
2017-04-06 18:19:56.139  INFO 54680 --- [    Test worker] o.s.b.a.e.mvc.EndpointHandlerMapping     : Mapped "{[/metrics/{name:.*}],methods=[GET],produces=[application/json]}" onto public java.lang.Object org.springframework.boot.actuate.endpoint.mvc.MetricsMvcEndpoint.value(java.lang.String)
2017-04-06 18:19:56.139  INFO 54680 --- [    Test worker] o.s.b.a.e.mvc.EndpointHandlerMapping     : Mapped "{[/metrics || /metrics.json],methods=[GET],produces=[application/json]}" onto public java.lang.Object org.springframework.boot.actuate.endpoint.mvc.EndpointMvcAdapter.invoke()
2017-04-06 18:19:56.140  INFO 54680 --- [    Test worker] o.s.b.a.e.mvc.EndpointHandlerMapping     : Mapped "{[/info || /info.json],methods=[GET],produces=[application/json]}" onto public java.lang.Object org.springframework.boot.actuate.endpoint.mvc.EndpointMvcAdapter.invoke()
2017-04-06 18:19:56.142  INFO 54680 --- [    Test worker] o.s.b.a.e.mvc.EndpointHandlerMapping     : Mapped "{[/mappings || /mappings.json],methods=[GET],produces=[application/json]}" onto public java.lang.Object org.springframework.boot.actuate.endpoint.mvc.EndpointMvcAdapter.invoke()
2017-04-06 18:19:56.146  INFO 54680 --- [    Test worker] o.s.b.a.e.mvc.EndpointHandlerMapping     : Mapped "{[/autoconfig || /autoconfig.json],methods=[GET],produces=[application/json]}" onto public java.lang.Object org.springframework.boot.actuate.endpoint.mvc.EndpointMvcAdapter.invoke()
2017-04-06 18:19:56.147  INFO 54680 --- [    Test worker] o.s.b.a.e.mvc.EndpointHandlerMapping     : Mapped "{[/configprops || /configprops.json],methods=[GET],produces=[application/json]}" onto public java.lang.Object org.springframework.boot.actuate.endpoint.mvc.EndpointMvcAdapter.invoke()
2017-04-06 18:19:56.148  INFO 54680 --- [    Test worker] o.s.b.a.e.mvc.EndpointHandlerMapping     : Mapped "{[/heapdump || /heapdump.json],methods=[GET],produces=[application/octet-stream]}" onto public void org.springframework.boot.actuate.endpoint.mvc.HeapdumpMvcEndpoint.invoke(boolean,javax.servlet.http.HttpServletRequest,javax.servlet.http.HttpServletResponse) throws java.io.IOException,javax.servlet.ServletException
2017-04-06 18:19:56.149  INFO 54680 --- [    Test worker] o.s.b.a.e.mvc.EndpointHandlerMapping     : Mapped "{[/dump || /dump.json],methods=[GET],produces=[application/json]}" onto public java.lang.Object org.springframework.boot.actuate.endpoint.mvc.EndpointMvcAdapter.invoke()
2017-04-06 18:19:56.562  INFO 54680 --- [    Test worker] P.SchoolBusSupportSystemApplicationTests : Started SchoolBusSupportSystemApplicationTests in 36.694 seconds (JVM running for 41.595)
]]></system-out>
  <system-err><![CDATA[]]></system-err>
</testsuite>
