<?xml version="1.0" encoding="UTF-8"?>
<testsuite name="Project.SchoolBusSupportSystemApplicationTests" tests="1" skipped="0" failures="0" errors="0"
           timestamp="2017-02-22T10:35:47" hostname="U5NI8XI4FTNION8" time="0.22">
    <properties/>
    <testcase name="contextLoads" classname="Project.SchoolBusSupportSystemApplicationTests" time="0.22"/>
    <system-out><![CDATA[17:35:42.071 [Test worker] DEBUG org.springframework.test.context.junit4.SpringJUnit4ClassRunner - SpringJUnit4ClassRunner constructor called with [class Project.SchoolBusSupportSystemApplicationTests]
17:35:42.077 [Test worker] DEBUG org.springframework.test.context.BootstrapUtils - Instantiating CacheAwareContextLoaderDelegate from class [org.springframework.test.context.cache.DefaultCacheAwareContextLoaderDelegate]
17:35:42.087 [Test worker] DEBUG org.springframework.test.context.BootstrapUtils - Instantiating BootstrapContext using constructor [public org.springframework.test.context.support.DefaultBootstrapContext(java.lang.Class,org.springframework.test.context.CacheAwareContextLoaderDelegate)]
17:35:42.113 [Test worker] DEBUG org.springframework.test.context.BootstrapUtils - Instantiating TestContextBootstrapper for test class [Project.SchoolBusSupportSystemApplicationTests] from class [org.springframework.boot.test.context.SpringBootTestContextBootstrapper]
17:35:42.133 [Test worker] INFO org.springframework.boot.test.context.SpringBootTestContextBootstrapper - Neither @ContextConfiguration nor @ContextHierarchy found for test class [Project.SchoolBusSupportSystemApplicationTests], using SpringBootContextLoader
17:35:42.140 [Test worker] DEBUG org.springframework.test.context.support.AbstractContextLoader - Did not detect default resource location for test class [Project.SchoolBusSupportSystemApplicationTests]: class path resource [Project/SchoolBusSupportSystemApplicationTests-context.xml] does not exist
17:35:42.140 [Test worker] DEBUG org.springframework.test.context.support.AbstractContextLoader - Did not detect default resource location for test class [Project.SchoolBusSupportSystemApplicationTests]: class path resource [Project/SchoolBusSupportSystemApplicationTestsContext.groovy] does not exist
17:35:42.141 [Test worker] INFO org.springframework.test.context.support.AbstractContextLoader - Could not detect default resource locations for test class [Project.SchoolBusSupportSystemApplicationTests]: no resource found for suffixes {-context.xml, Context.groovy}.
17:35:42.142 [Test worker] INFO org.springframework.test.context.support.AnnotationConfigContextLoaderUtils - Could not detect default configuration classes for test class [Project.SchoolBusSupportSystemApplicationTests]: SchoolBusSupportSystemApplicationTests does not declare any static, non-private, non-final, nested classes annotated with @Configuration.
17:35:42.185 [Test worker] DEBUG org.springframework.test.context.support.ActiveProfilesUtils - Could not find an 'annotation declaring class' for annotation type [org.springframework.test.context.ActiveProfiles] and class [Project.SchoolBusSupportSystemApplicationTests]
17:35:42.262 [Test worker] DEBUG org.springframework.core.env.StandardEnvironment - Adding [systemProperties] PropertySource with lowest search precedence
17:35:42.262 [Test worker] DEBUG org.springframework.core.env.StandardEnvironment - Adding [systemEnvironment] PropertySource with lowest search precedence
17:35:42.262 [Test worker] DEBUG org.springframework.core.env.StandardEnvironment - Initialized StandardEnvironment with PropertySources [systemProperties,systemEnvironment]
17:35:42.274 [Test worker] DEBUG org.springframework.core.io.support.PathMatchingResourcePatternResolver - Resolved classpath location [Project/] to resources [URL [file:/E:/4D_1/Project1/SchoolBusSupportSystem/build/classes/test/Project/], URL [file:/E:/4D_1/Project1/SchoolBusSupportSystem/build/classes/main/Project/]]
17:35:42.274 [Test worker] DEBUG org.springframework.core.io.support.PathMatchingResourcePatternResolver - Looking for matching resources in directory tree [E:\4D_1\Project1\SchoolBusSupportSystem\build\classes\test\Project]
17:35:42.275 [Test worker] DEBUG org.springframework.core.io.support.PathMatchingResourcePatternResolver - Searching directory [E:\4D_1\Project1\SchoolBusSupportSystem\build\classes\test\Project] for files matching pattern [E:/4D_1/Project1/SchoolBusSupportSystem/build/classes/test/Project/*.class]
17:35:42.278 [Test worker] DEBUG org.springframework.core.io.support.PathMatchingResourcePatternResolver - Looking for matching resources in directory tree [E:\4D_1\Project1\SchoolBusSupportSystem\build\classes\main\Project]
17:35:42.278 [Test worker] DEBUG org.springframework.core.io.support.PathMatchingResourcePatternResolver - Searching directory [E:\4D_1\Project1\SchoolBusSupportSystem\build\classes\main\Project] for files matching pattern [E:/4D_1/Project1/SchoolBusSupportSystem/build/classes/main/Project/*.class]
17:35:42.280 [Test worker] DEBUG org.springframework.core.io.support.PathMatchingResourcePatternResolver - Resolved location pattern [classpath*:Project/*.class] to resources [file [E:\4D_1\Project1\SchoolBusSupportSystem\build\classes\test\Project\SchoolBusSupportSystemApplicationTests.class], file [E:\4D_1\Project1\SchoolBusSupportSystem\build\classes\main\Project\SchoolBusSupportSystemApplication.class]]
17:35:42.338 [Test worker] DEBUG org.springframework.context.annotation.ClassPathScanningCandidateComponentProvider - Identified candidate component class: file [E:\4D_1\Project1\SchoolBusSupportSystem\build\classes\main\Project\SchoolBusSupportSystemApplication.class]
17:35:42.339 [Test worker] INFO org.springframework.boot.test.context.SpringBootTestContextBootstrapper - Found @SpringBootConfiguration Project.SchoolBusSupportSystemApplication for test class Project.SchoolBusSupportSystemApplicationTests
17:35:42.344 [Test worker] DEBUG org.springframework.boot.test.context.SpringBootTestContextBootstrapper - @TestExecutionListeners is not present for class [Project.SchoolBusSupportSystemApplicationTests]: using defaults.
17:35:42.350 [Test worker] INFO org.springframework.boot.test.context.SpringBootTestContextBootstrapper - Loaded default TestExecutionListener class names from location [META-INF/spring.factories]: [org.springframework.boot.test.mock.mockito.MockitoTestExecutionListener, org.springframework.boot.test.mock.mockito.ResetMocksTestExecutionListener, org.springframework.boot.test.autoconfigure.AutoConfigureReportTestExecutionListener, org.springframework.boot.test.autoconfigure.restdocs.RestDocsTestExecutionListener, org.springframework.boot.test.autoconfigure.web.client.MockRestServiceServerResetTestExecutionListener, org.springframework.test.context.web.ServletTestExecutionListener, org.springframework.test.context.support.DirtiesContextBeforeModesTestExecutionListener, org.springframework.test.context.support.DependencyInjectionTestExecutionListener, org.springframework.test.context.support.DirtiesContextTestExecutionListener, org.springframework.test.context.transaction.TransactionalTestExecutionListener, org.springframework.test.context.jdbc.SqlScriptsTestExecutionListener]
17:35:42.367 [Test worker] INFO org.springframework.boot.test.context.SpringBootTestContextBootstrapper - Using TestExecutionListeners: [org.springframework.test.context.web.ServletTestExecutionListener@7b10892f, org.springframework.test.context.support.DirtiesContextBeforeModesTestExecutionListener@6e35e4b2, org.springframework.boot.test.autoconfigure.AutoConfigureReportTestExecutionListener@3b97c062, org.springframework.test.context.support.DependencyInjectionTestExecutionListener@14a9b08c, org.springframework.test.context.support.DirtiesContextTestExecutionListener@6b8f0ac7, org.springframework.test.context.transaction.TransactionalTestExecutionListener@2a5e7370, org.springframework.test.context.jdbc.SqlScriptsTestExecutionListener@2fcf3289, org.springframework.boot.test.mock.mockito.MockitoTestExecutionListener@763bca2c, org.springframework.boot.test.autoconfigure.web.client.MockRestServiceServerResetTestExecutionListener@65713f1e, org.springframework.boot.test.mock.mockito.ResetMocksTestExecutionListener@3c6d0533, org.springframework.boot.test.autoconfigure.restdocs.RestDocsTestExecutionListener@6a60334d]
17:35:42.372 [Test worker] DEBUG org.springframework.test.annotation.ProfileValueUtils - Retrieved @ProfileValueSourceConfiguration [null] for test class [Project.SchoolBusSupportSystemApplicationTests]
17:35:42.372 [Test worker] DEBUG org.springframework.test.annotation.ProfileValueUtils - Retrieved ProfileValueSource type [class org.springframework.test.annotation.SystemProfileValueSource] for class [Project.SchoolBusSupportSystemApplicationTests]
17:35:42.374 [Test worker] DEBUG org.springframework.test.annotation.ProfileValueUtils - Retrieved @ProfileValueSourceConfiguration [null] for test class [Project.SchoolBusSupportSystemApplicationTests]
17:35:42.374 [Test worker] DEBUG org.springframework.test.annotation.ProfileValueUtils - Retrieved ProfileValueSource type [class org.springframework.test.annotation.SystemProfileValueSource] for class [Project.SchoolBusSupportSystemApplicationTests]
17:35:42.380 [Test worker] DEBUG org.springframework.test.context.support.AbstractDirtiesContextTestExecutionListener - Before test class: context [DefaultTestContext@1af75155 testClass = SchoolBusSupportSystemApplicationTests, testInstance = [null], testMethod = [null], testException = [null], mergedContextConfiguration = [WebMergedContextConfiguration@26616e18 testClass = SchoolBusSupportSystemApplicationTests, locations = '{}', classes = '{class Project.SchoolBusSupportSystemApplication}', contextInitializerClasses = '[]', activeProfiles = '{}', propertySourceLocations = '{}', propertySourceProperties = '{org.springframework.boot.test.context.SpringBootTestContextBootstrapper=true}', contextCustomizers = set[org.springframework.boot.test.context.SpringBootTestContextCustomizer@751d7cf7, org.springframework.boot.test.context.filter.ExcludeFilterContextCustomizer@60f21913, org.springframework.boot.test.mock.mockito.MockitoContextCustomizer@0, org.springframework.boot.test.autoconfigure.properties.PropertyMappingContextCustomizer@0], resourceBasePath = 'src/main/webapp', contextLoader = 'org.springframework.boot.test.context.SpringBootContextLoader', parent = [null]]], class annotated with @DirtiesContext [false] with mode [null].
17:35:42.381 [Test worker] DEBUG org.springframework.test.annotation.ProfileValueUtils - Retrieved @ProfileValueSourceConfiguration [null] for test class [Project.SchoolBusSupportSystemApplicationTests]
17:35:42.381 [Test worker] DEBUG org.springframework.test.annotation.ProfileValueUtils - Retrieved ProfileValueSource type [class org.springframework.test.annotation.SystemProfileValueSource] for class [Project.SchoolBusSupportSystemApplicationTests]
17:35:42.421 [Test worker] DEBUG org.springframework.core.env.StandardEnvironment - Adding [systemProperties] PropertySource with lowest search precedence
17:35:42.422 [Test worker] DEBUG org.springframework.core.env.StandardEnvironment - Adding [systemEnvironment] PropertySource with lowest search precedence
17:35:42.423 [Test worker] DEBUG org.springframework.core.env.StandardEnvironment - Initialized StandardEnvironment with PropertySources [systemProperties,systemEnvironment]
17:35:42.424 [Test worker] DEBUG org.springframework.test.context.support.TestPropertySourceUtils - Adding inlined properties to environment: {spring.jmx.enabled=false, org.springframework.boot.test.context.SpringBootTestContextBootstrapper=true, server.port=-1}
17:35:42.424 [Test worker] DEBUG org.springframework.core.env.StandardEnvironment - Adding [Inlined Test Properties] PropertySource with highest search precedence

  .   ____          _            __ _ _
 /\\ / ___'_ __ _ _(_)_ __  __ _ \ \ \ \
( ( )\___ | '_ | '_| | '_ \/ _` | \ \ \ \
 \\/  ___)| |_)| | | | | || (_| |  ) ) ) )
  '  |____| .__|_| |_|_| |_\__, | / / / /
 =========|_|==============|___/=/_/_/_/
 :: Spring Boot ::        (v1.4.0.RELEASE)

2017-02-22 17:35:43.021  INFO 33484 --- [    Test worker] P.SchoolBusSupportSystemApplicationTests : Starting SchoolBusSupportSystemApplicationTests on U5NI8XI4FTNION8 with PID 33484 (started by User in E:\4D_1\Project1\SchoolBusSupportSystem)
2017-02-22 17:35:43.022  INFO 33484 --- [    Test worker] P.SchoolBusSupportSystemApplicationTests : No active profile set, falling back to default profiles: default
2017-02-22 17:35:43.137  INFO 33484 --- [    Test worker] o.s.w.c.s.GenericWebApplicationContext   : Refreshing org.springframework.web.context.support.GenericWebApplicationContext@57c49998: startup date [Wed Feb 22 17:35:43 ICT 2017]; root of context hierarchy
2017-02-22 17:35:44.952  INFO 33484 --- [    Test worker] trationDelegate$BeanPostProcessorChecker : Bean 'org.springframework.transaction.annotation.ProxyTransactionManagementConfiguration' of type [class org.springframework.transaction.annotation.ProxyTransactionManagementConfiguration$$EnhancerBySpringCGLIB$$f7ba1a25] is not eligible for getting processed by all BeanPostProcessors (for example: not eligible for auto-proxying)
2017-02-22 17:35:46.307  INFO 33484 --- [    Test worker] s.w.s.m.m.a.RequestMappingHandlerAdapter : Looking for @ControllerAdvice: org.springframework.web.context.support.GenericWebApplicationContext@57c49998: startup date [Wed Feb 22 17:35:43 ICT 2017]; root of context hierarchy
2017-02-22 17:35:46.401  INFO 33484 --- [    Test worker] s.w.s.m.m.a.RequestMappingHandlerMapping : Mapped "{[/updateFireBaseToken],methods=[POST]}" onto public java.lang.Boolean Project.Controller.InformationController.updateFireBaseToken(java.lang.String,java.lang.String)
2017-02-22 17:35:46.403  INFO 33484 --- [    Test worker] s.w.s.m.m.a.RequestMappingHandlerMapping : Mapped "{[/getAllStudentInformation],methods=[POST]}" onto public java.util.ArrayList<Project.Model.Person.Student> Project.Controller.InformationController.getAllStudent(java.lang.String)
2017-02-22 17:35:46.403  INFO 33484 --- [    Test worker] s.w.s.m.m.a.RequestMappingHandlerMapping : Mapped "{[/getAllPassengerInformation],methods=[POST]}" onto public java.lang.String Project.Controller.InformationController.getPassenger(java.lang.String)
2017-02-22 17:35:46.404  INFO 33484 --- [    Test worker] s.w.s.m.m.a.RequestMappingHandlerMapping : Mapped "{[/getStudentInformation],methods=[POST]}" onto public Project.Model.Person.Student Project.Controller.InformationController.getStudent(java.lang.String)
2017-02-22 17:35:46.404  INFO 33484 --- [    Test worker] s.w.s.m.m.a.RequestMappingHandlerMapping : Mapped "{[/getBusDetail],methods=[POST]}" onto public java.lang.String Project.Controller.InformationController.getBusDetail(java.lang.String)
2017-02-22 17:35:46.404  INFO 33484 --- [    Test worker] s.w.s.m.m.a.RequestMappingHandlerMapping : Mapped "{[/setTypeOfService],methods=[POST]}" onto public boolean Project.Controller.InformationController.setTypeOfService(Project.Model.Enumerator.TypeOfService,java.lang.String)
2017-02-22 17:35:46.405  INFO 33484 --- [    Test worker] s.w.s.m.m.a.RequestMappingHandlerMapping : Mapped "{[/getTeachers],methods=[POST]}" onto public java.util.ArrayList<Project.Model.Person.Teacher> Project.Controller.InformationController.getTeachers(java.lang.String)
2017-02-22 17:35:46.407  INFO 33484 --- [    Test worker] s.w.s.m.m.a.RequestMappingHandlerMapping : Mapped "{[/getParents],methods=[POST]}" onto public java.util.ArrayList<Project.Model.Person.Parent> Project.Controller.InformationController.getParents(java.lang.String)
2017-02-22 17:35:46.407  INFO 33484 --- [    Test worker] s.w.s.m.m.a.RequestMappingHandlerMapping : Mapped "{[/showDriverDetail],methods=[POST]}" onto public Project.Model.Person.Driver Project.Controller.InformationController.showDriverDetail(java.lang.String)
2017-02-22 17:35:46.409  INFO 33484 --- [    Test worker] s.w.s.m.m.a.RequestMappingHandlerMapping : Mapped "{[/register],methods=[POST]}" onto public java.lang.String Project.Controller.MemberController.register(java.lang.String)
2017-02-22 17:35:46.410  INFO 33484 --- [    Test worker] s.w.s.m.m.a.RequestMappingHandlerMapping : Mapped "{[/signOnWithFb],methods=[POST]}" onto public java.lang.String Project.Controller.MemberController.signOnWithFacebook(java.lang.String)
2017-02-22 17:35:46.417  INFO 33484 --- [    Test worker] s.w.s.m.m.a.RequestMappingHandlerMapping : Mapped "{[/getBusCurrentPosition],methods=[POST]}" onto public Project.Model.Position.Bus Project.Controller.PositionController.getBusCurrentPosition(java.lang.String)
2017-02-22 17:35:46.417  INFO 33484 --- [    Test worker] s.w.s.m.m.a.RequestMappingHandlerMapping : Mapped "{[/getAllCurrentBusPosition],methods=[POST]}" onto public java.util.ArrayList<Project.Model.Position.Bus> Project.Controller.PositionController.getAllCurrentBusPosition()
2017-02-22 17:35:46.418  INFO 33484 --- [    Test worker] s.w.s.m.m.a.RequestMappingHandlerMapping : Mapped "{[/timeEstimation],methods=[POST]}" onto public java.lang.String Project.Controller.PositionController.timeEstimation(java.lang.String)
2017-02-22 17:35:46.418  INFO 33484 --- [    Test worker] s.w.s.m.m.a.RequestMappingHandlerMapping : Mapped "{[/getCurrentRoute],methods=[POST]}" onto public java.util.ArrayList<Project.Model.Position.Position> Project.Controller.PositionController.getCurrentRoute(java.lang.String)
2017-02-22 17:35:46.418  INFO 33484 --- [    Test worker] s.w.s.m.m.a.RequestMappingHandlerMapping : Mapped "{[/getOnOrOffBus],methods=[POST]}" onto public boolean Project.Controller.PositionController.addBusPosition(java.lang.String,java.lang.String,double,double)
2017-02-22 17:35:46.419  INFO 33484 --- [    Test worker] s.w.s.m.m.a.RequestMappingHandlerMapping : Mapped "{[/addBusPosition],methods=[POST]}" onto public boolean Project.Controller.PositionController.addBusPosition(java.lang.String,double,double,Project.Model.Enumerator.Status)
2017-02-22 17:35:46.419  INFO 33484 --- [    Test worker] s.w.s.m.m.a.RequestMappingHandlerMapping : Mapped "{[/setBusRoute],methods=[POST]}" onto public boolean Project.Controller.PositionController.setBusRoute(java.lang.String,int)
2017-02-22 17:35:46.420  INFO 33484 --- [    Test worker] s.w.s.m.m.a.RequestMappingHandlerMapping : Mapped "{[/getAllBusRoute],methods=[POST]}" onto public java.util.ArrayList<Project.Model.Position.Route> Project.Controller.PositionController.getAllBusRoute()
2017-02-22 17:35:46.420  INFO 33484 --- [    Test worker] s.w.s.m.m.a.RequestMappingHandlerMapping : Mapped "{[/addRoute],methods=[POST]}" onto public java.lang.Integer Project.Controller.PositionController.addRoute(java.util.ArrayList<java.lang.Double>,java.util.ArrayList<java.lang.Double>)
2017-02-22 17:35:46.420  INFO 33484 --- [    Test worker] s.w.s.m.m.a.RequestMappingHandlerMapping : Mapped "{[/deleteRoute],methods=[POST]}" onto public boolean Project.Controller.PositionController.deleteRoute(int)
2017-02-22 17:35:46.423  INFO 33484 --- [    Test worker] s.w.s.m.m.a.RequestMappingHandlerMapping : Mapped "{[/error]}" onto public org.springframework.http.ResponseEntity<java.util.Map<java.lang.String, java.lang.Object>> org.springframework.boot.autoconfigure.web.BasicErrorController.error(javax.servlet.http.HttpServletRequest)
2017-02-22 17:35:46.423  INFO 33484 --- [    Test worker] s.w.s.m.m.a.RequestMappingHandlerMapping : Mapped "{[/error],produces=[text/html]}" onto public org.springframework.web.servlet.ModelAndView org.springframework.boot.autoconfigure.web.BasicErrorController.errorHtml(javax.servlet.http.HttpServletRequest,javax.servlet.http.HttpServletResponse)
2017-02-22 17:35:46.478  INFO 33484 --- [    Test worker] o.s.w.s.handler.SimpleUrlHandlerMapping  : Mapped URL path [/webjars/**] onto handler of type [class org.springframework.web.servlet.resource.ResourceHttpRequestHandler]
2017-02-22 17:35:46.478  INFO 33484 --- [    Test worker] o.s.w.s.handler.SimpleUrlHandlerMapping  : Mapped URL path [/**] onto handler of type [class org.springframework.web.servlet.resource.ResourceHttpRequestHandler]
2017-02-22 17:35:46.549  INFO 33484 --- [    Test worker] o.s.w.s.handler.SimpleUrlHandlerMapping  : Mapped URL path [/**/favicon.ico] onto handler of type [class org.springframework.web.servlet.resource.ResourceHttpRequestHandler]
2017-02-22 17:35:47.108  INFO 33484 --- [    Test worker] o.s.b.a.e.mvc.EndpointHandlerMapping     : Mapped "{[/mappings || /mappings.json],methods=[GET],produces=[application/json]}" onto public java.lang.Object org.springframework.boot.actuate.endpoint.mvc.EndpointMvcAdapter.invoke()
2017-02-22 17:35:47.109  INFO 33484 --- [    Test worker] o.s.b.a.e.mvc.EndpointHandlerMapping     : Mapped "{[/info || /info.json],methods=[GET],produces=[application/json]}" onto public java.lang.Object org.springframework.boot.actuate.endpoint.mvc.EndpointMvcAdapter.invoke()
2017-02-22 17:35:47.110  INFO 33484 --- [    Test worker] o.s.b.a.e.mvc.EndpointHandlerMapping     : Mapped "{[/configprops || /configprops.json],methods=[GET],produces=[application/json]}" onto public java.lang.Object org.springframework.boot.actuate.endpoint.mvc.EndpointMvcAdapter.invoke()
2017-02-22 17:35:47.111  INFO 33484 --- [    Test worker] o.s.b.a.e.mvc.EndpointHandlerMapping     : Mapped "{[/dump || /dump.json],methods=[GET],produces=[application/json]}" onto public java.lang.Object org.springframework.boot.actuate.endpoint.mvc.EndpointMvcAdapter.invoke()
2017-02-22 17:35:47.113  INFO 33484 --- [    Test worker] o.s.b.a.e.mvc.EndpointHandlerMapping     : Mapped "{[/metrics/{name:.*}],methods=[GET],produces=[application/json]}" onto public java.lang.Object org.springframework.boot.actuate.endpoint.mvc.MetricsMvcEndpoint.value(java.lang.String)
2017-02-22 17:35:47.113  INFO 33484 --- [    Test worker] o.s.b.a.e.mvc.EndpointHandlerMapping     : Mapped "{[/metrics || /metrics.json],methods=[GET],produces=[application/json]}" onto public java.lang.Object org.springframework.boot.actuate.endpoint.mvc.EndpointMvcAdapter.invoke()
2017-02-22 17:35:47.114  INFO 33484 --- [    Test worker] o.s.b.a.e.mvc.EndpointHandlerMapping     : Mapped "{[/autoconfig || /autoconfig.json],methods=[GET],produces=[application/json]}" onto public java.lang.Object org.springframework.boot.actuate.endpoint.mvc.EndpointMvcAdapter.invoke()
2017-02-22 17:35:47.117  INFO 33484 --- [    Test worker] o.s.b.a.e.mvc.EndpointHandlerMapping     : Mapped "{[/trace || /trace.json],methods=[GET],produces=[application/json]}" onto public java.lang.Object org.springframework.boot.actuate.endpoint.mvc.EndpointMvcAdapter.invoke()
2017-02-22 17:35:47.121  INFO 33484 --- [    Test worker] o.s.b.a.e.mvc.EndpointHandlerMapping     : Mapped "{[/env/{name:.*}],methods=[GET],produces=[application/json]}" onto public java.lang.Object org.springframework.boot.actuate.endpoint.mvc.EnvironmentMvcEndpoint.value(java.lang.String)
2017-02-22 17:35:47.121  INFO 33484 --- [    Test worker] o.s.b.a.e.mvc.EndpointHandlerMapping     : Mapped "{[/env || /env.json],methods=[GET],produces=[application/json]}" onto public java.lang.Object org.springframework.boot.actuate.endpoint.mvc.EndpointMvcAdapter.invoke()
2017-02-22 17:35:47.122  INFO 33484 --- [    Test worker] o.s.b.a.e.mvc.EndpointHandlerMapping     : Mapped "{[/heapdump || /heapdump.json],methods=[GET],produces=[application/octet-stream]}" onto public void org.springframework.boot.actuate.endpoint.mvc.HeapdumpMvcEndpoint.invoke(boolean,javax.servlet.http.HttpServletRequest,javax.servlet.http.HttpServletResponse) throws java.io.IOException,javax.servlet.ServletException
2017-02-22 17:35:47.124  INFO 33484 --- [    Test worker] o.s.b.a.e.mvc.EndpointHandlerMapping     : Mapped "{[/health || /health.json],produces=[application/json]}" onto public java.lang.Object org.springframework.boot.actuate.endpoint.mvc.HealthMvcEndpoint.invoke(java.security.Principal)
2017-02-22 17:35:47.125  INFO 33484 --- [    Test worker] o.s.b.a.e.mvc.EndpointHandlerMapping     : Mapped "{[/beans || /beans.json],methods=[GET],produces=[application/json]}" onto public java.lang.Object org.springframework.boot.actuate.endpoint.mvc.EndpointMvcAdapter.invoke()
2017-02-22 17:35:47.455  INFO 33484 --- [    Test worker] P.SchoolBusSupportSystemApplicationTests : Started SchoolBusSupportSystemApplicationTests in 5.021 seconds (JVM running for 6.146)
]]></system-out>
    <system-err><![CDATA[]]></system-err>
</testsuite>
