<?xml version="1.0" encoding="UTF-8"?>
<testsuite name="Project.SchoolBusSupportSystemApplicationTests" tests="1" skipped="0" failures="0" errors="0" timestamp="2017-04-03T12:15:09" hostname="U5NI8XI4FTNION8" time="2.314">
  <properties/>
  <testcase name="contextLoads" classname="Project.SchoolBusSupportSystemApplicationTests" time="2.314"/>
  <system-out><![CDATA[19:15:03.949 [Test worker] DEBUG org.springframework.test.context.junit4.SpringJUnit4ClassRunner - SpringJUnit4ClassRunner constructor called with [class Project.SchoolBusSupportSystemApplicationTests]
19:15:03.949 [Test worker] DEBUG org.springframework.test.context.BootstrapUtils - Instantiating CacheAwareContextLoaderDelegate from class [org.springframework.test.context.cache.DefaultCacheAwareContextLoaderDelegate]
19:15:03.965 [Test worker] DEBUG org.springframework.test.context.BootstrapUtils - Instantiating BootstrapContext using constructor [public org.springframework.test.context.support.DefaultBootstrapContext(java.lang.Class,org.springframework.test.context.CacheAwareContextLoaderDelegate)]
19:15:03.980 [Test worker] DEBUG org.springframework.test.context.BootstrapUtils - Instantiating TestContextBootstrapper for test class [Project.SchoolBusSupportSystemApplicationTests] from class [org.springframework.boot.test.context.SpringBootTestContextBootstrapper]
19:15:04.246 [Test worker] INFO org.springframework.boot.test.context.SpringBootTestContextBootstrapper - Neither @ContextConfiguration nor @ContextHierarchy found for test class [Project.SchoolBusSupportSystemApplicationTests], using SpringBootContextLoader
19:15:04.262 [Test worker] DEBUG org.springframework.test.context.support.AbstractContextLoader - Did not detect default resource location for test class [Project.SchoolBusSupportSystemApplicationTests]: class path resource [Project/SchoolBusSupportSystemApplicationTests-context.xml] does not exist
19:15:04.262 [Test worker] DEBUG org.springframework.test.context.support.AbstractContextLoader - Did not detect default resource location for test class [Project.SchoolBusSupportSystemApplicationTests]: class path resource [Project/SchoolBusSupportSystemApplicationTestsContext.groovy] does not exist
19:15:04.262 [Test worker] INFO org.springframework.test.context.support.AbstractContextLoader - Could not detect default resource locations for test class [Project.SchoolBusSupportSystemApplicationTests]: no resource found for suffixes {-context.xml, Context.groovy}.
19:15:04.262 [Test worker] INFO org.springframework.test.context.support.AnnotationConfigContextLoaderUtils - Could not detect default configuration classes for test class [Project.SchoolBusSupportSystemApplicationTests]: SchoolBusSupportSystemApplicationTests does not declare any static, non-private, non-final, nested classes annotated with @Configuration.
19:15:04.319 [Test worker] DEBUG org.springframework.test.context.support.ActiveProfilesUtils - Could not find an 'annotation declaring class' for annotation type [org.springframework.test.context.ActiveProfiles] and class [Project.SchoolBusSupportSystemApplicationTests]
19:15:04.355 [Test worker] DEBUG org.springframework.core.env.StandardEnvironment - Adding [systemProperties] PropertySource with lowest search precedence
19:15:04.355 [Test worker] DEBUG org.springframework.core.env.StandardEnvironment - Adding [systemEnvironment] PropertySource with lowest search precedence
19:15:04.355 [Test worker] DEBUG org.springframework.core.env.StandardEnvironment - Initialized StandardEnvironment with PropertySources [systemProperties,systemEnvironment]
19:15:04.355 [Test worker] DEBUG org.springframework.core.io.support.PathMatchingResourcePatternResolver - Resolved classpath location [Project/] to resources [URL [file:/E:/4D_1/Project1/SchoolBusSupportSystem/build/classes/test/Project/], URL [file:/E:/4D_1/Project1/SchoolBusSupportSystem/build/classes/main/Project/]]
19:15:04.371 [Test worker] DEBUG org.springframework.core.io.support.PathMatchingResourcePatternResolver - Looking for matching resources in directory tree [E:\4D_1\Project1\SchoolBusSupportSystem\build\classes\test\Project]
19:15:04.371 [Test worker] DEBUG org.springframework.core.io.support.PathMatchingResourcePatternResolver - Searching directory [E:\4D_1\Project1\SchoolBusSupportSystem\build\classes\test\Project] for files matching pattern [E:/4D_1/Project1/SchoolBusSupportSystem/build/classes/test/Project/*.class]
19:15:04.371 [Test worker] DEBUG org.springframework.core.io.support.PathMatchingResourcePatternResolver - Looking for matching resources in directory tree [E:\4D_1\Project1\SchoolBusSupportSystem\build\classes\main\Project]
19:15:04.371 [Test worker] DEBUG org.springframework.core.io.support.PathMatchingResourcePatternResolver - Searching directory [E:\4D_1\Project1\SchoolBusSupportSystem\build\classes\main\Project] for files matching pattern [E:/4D_1/Project1/SchoolBusSupportSystem/build/classes/main/Project/*.class]
19:15:04.371 [Test worker] DEBUG org.springframework.core.io.support.PathMatchingResourcePatternResolver - Resolved location pattern [classpath*:Project/*.class] to resources [file [E:\4D_1\Project1\SchoolBusSupportSystem\build\classes\test\Project\SchoolBusSupportSystemApplicationTests.class], file [E:\4D_1\Project1\SchoolBusSupportSystem\build\classes\main\Project\SchoolBusSupportSystemApplication.class]]
19:15:04.418 [Test worker] DEBUG org.springframework.context.annotation.ClassPathScanningCandidateComponentProvider - Identified candidate component class: file [E:\4D_1\Project1\SchoolBusSupportSystem\build\classes\main\Project\SchoolBusSupportSystemApplication.class]
19:15:04.418 [Test worker] INFO org.springframework.boot.test.context.SpringBootTestContextBootstrapper - Found @SpringBootConfiguration Project.SchoolBusSupportSystemApplication for test class Project.SchoolBusSupportSystemApplicationTests
19:15:04.418 [Test worker] DEBUG org.springframework.boot.test.context.SpringBootTestContextBootstrapper - @TestExecutionListeners is not present for class [Project.SchoolBusSupportSystemApplicationTests]: using defaults.
19:15:04.433 [Test worker] INFO org.springframework.boot.test.context.SpringBootTestContextBootstrapper - Loaded default TestExecutionListener class names from location [META-INF/spring.factories]: [org.springframework.boot.test.mock.mockito.MockitoTestExecutionListener, org.springframework.boot.test.mock.mockito.ResetMocksTestExecutionListener, org.springframework.boot.test.autoconfigure.AutoConfigureReportTestExecutionListener, org.springframework.boot.test.autoconfigure.restdocs.RestDocsTestExecutionListener, org.springframework.boot.test.autoconfigure.web.client.MockRestServiceServerResetTestExecutionListener, org.springframework.test.context.web.ServletTestExecutionListener, org.springframework.test.context.support.DirtiesContextBeforeModesTestExecutionListener, org.springframework.test.context.support.DependencyInjectionTestExecutionListener, org.springframework.test.context.support.DirtiesContextTestExecutionListener, org.springframework.test.context.transaction.TransactionalTestExecutionListener, org.springframework.test.context.jdbc.SqlScriptsTestExecutionListener]
19:15:04.480 [Test worker] INFO org.springframework.boot.test.context.SpringBootTestContextBootstrapper - Using TestExecutionListeners: [org.springframework.test.context.web.ServletTestExecutionListener@7ec58725, org.springframework.test.context.support.DirtiesContextBeforeModesTestExecutionListener@3ebf7359, org.springframework.boot.test.autoconfigure.AutoConfigureReportTestExecutionListener@63c8fbc1, org.springframework.test.context.support.DependencyInjectionTestExecutionListener@3580c3b4, org.springframework.test.context.support.DirtiesContextTestExecutionListener@672e968e, org.springframework.test.context.transaction.TransactionalTestExecutionListener@224e0489, org.springframework.test.context.jdbc.SqlScriptsTestExecutionListener@67ce5f2, org.springframework.boot.test.mock.mockito.MockitoTestExecutionListener@35d21bea, org.springframework.boot.test.autoconfigure.web.client.MockRestServiceServerResetTestExecutionListener@265b6138, org.springframework.boot.test.mock.mockito.ResetMocksTestExecutionListener@74634336, org.springframework.boot.test.autoconfigure.restdocs.RestDocsTestExecutionListener@15d16b3d]
19:15:04.496 [Test worker] DEBUG org.springframework.test.annotation.ProfileValueUtils - Retrieved @ProfileValueSourceConfiguration [null] for test class [Project.SchoolBusSupportSystemApplicationTests]
19:15:04.496 [Test worker] DEBUG org.springframework.test.annotation.ProfileValueUtils - Retrieved ProfileValueSource type [class org.springframework.test.annotation.SystemProfileValueSource] for class [Project.SchoolBusSupportSystemApplicationTests]
19:15:04.496 [Test worker] DEBUG org.springframework.test.annotation.ProfileValueUtils - Retrieved @ProfileValueSourceConfiguration [null] for test class [Project.SchoolBusSupportSystemApplicationTests]
19:15:04.496 [Test worker] DEBUG org.springframework.test.annotation.ProfileValueUtils - Retrieved ProfileValueSource type [class org.springframework.test.annotation.SystemProfileValueSource] for class [Project.SchoolBusSupportSystemApplicationTests]
19:15:04.496 [Test worker] DEBUG org.springframework.test.context.support.AbstractDirtiesContextTestExecutionListener - Before test class: context [DefaultTestContext@6aa534ef testClass = SchoolBusSupportSystemApplicationTests, testInstance = [null], testMethod = [null], testException = [null], mergedContextConfiguration = [WebMergedContextConfiguration@96fd45c testClass = SchoolBusSupportSystemApplicationTests, locations = '{}', classes = '{class Project.SchoolBusSupportSystemApplication}', contextInitializerClasses = '[]', activeProfiles = '{}', propertySourceLocations = '{}', propertySourceProperties = '{org.springframework.boot.test.context.SpringBootTestContextBootstrapper=true}', contextCustomizers = set[org.springframework.boot.test.context.SpringBootTestContextCustomizer@1c7c9aee, org.springframework.boot.test.context.filter.ExcludeFilterContextCustomizer@14227414, org.springframework.boot.test.mock.mockito.MockitoContextCustomizer@0, org.springframework.boot.test.autoconfigure.properties.PropertyMappingContextCustomizer@0], resourceBasePath = 'src/main/webapp', contextLoader = 'org.springframework.boot.test.context.SpringBootContextLoader', parent = [null]]], class annotated with @DirtiesContext [false] with mode [null].
19:15:04.496 [Test worker] DEBUG org.springframework.test.annotation.ProfileValueUtils - Retrieved @ProfileValueSourceConfiguration [null] for test class [Project.SchoolBusSupportSystemApplicationTests]
19:15:04.496 [Test worker] DEBUG org.springframework.test.annotation.ProfileValueUtils - Retrieved ProfileValueSource type [class org.springframework.test.annotation.SystemProfileValueSource] for class [Project.SchoolBusSupportSystemApplicationTests]
19:15:04.527 [Test worker] DEBUG org.springframework.core.env.StandardEnvironment - Adding [systemProperties] PropertySource with lowest search precedence
19:15:04.527 [Test worker] DEBUG org.springframework.core.env.StandardEnvironment - Adding [systemEnvironment] PropertySource with lowest search precedence
19:15:04.527 [Test worker] DEBUG org.springframework.core.env.StandardEnvironment - Initialized StandardEnvironment with PropertySources [systemProperties,systemEnvironment]
19:15:04.527 [Test worker] DEBUG org.springframework.test.context.support.TestPropertySourceUtils - Adding inlined properties to environment: {spring.jmx.enabled=false, org.springframework.boot.test.context.SpringBootTestContextBootstrapper=true, server.port=-1}
19:15:04.527 [Test worker] DEBUG org.springframework.core.env.StandardEnvironment - Adding [Inlined Test Properties] PropertySource with highest search precedence

  .   ____          _            __ _ _
 /\\ / ___'_ __ _ _(_)_ __  __ _ \ \ \ \
( ( )\___ | '_ | '_| | '_ \/ _` | \ \ \ \
 \\/  ___)| |_)| | | | | || (_| |  ) ) ) )
  '  |____| .__|_| |_|_| |_\__, | / / / /
 =========|_|==============|___/=/_/_/_/
 :: Spring Boot ::        (v1.4.0.RELEASE)

2017-04-03 19:15:05.021  INFO 12520 --- [    Test worker] P.SchoolBusSupportSystemApplicationTests : Starting SchoolBusSupportSystemApplicationTests on U5NI8XI4FTNION8 with PID 12520 (started by User in E:\4D_1\Project1\SchoolBusSupportSystem)
2017-04-03 19:15:05.021  INFO 12520 --- [    Test worker] P.SchoolBusSupportSystemApplicationTests : No active profile set, falling back to default profiles: default
2017-04-03 19:15:05.068  INFO 12520 --- [    Test worker] o.s.w.c.s.GenericWebApplicationContext   : Refreshing org.springframework.web.context.support.GenericWebApplicationContext@3053f800: startup date [Mon Apr 03 19:15:05 ICT 2017]; root of context hierarchy
2017-04-03 19:15:06.828  INFO 12520 --- [    Test worker] trationDelegate$BeanPostProcessorChecker : Bean 'org.springframework.transaction.annotation.ProxyTransactionManagementConfiguration' of type [class org.springframework.transaction.annotation.ProxyTransactionManagementConfiguration$$EnhancerBySpringCGLIB$$226caab2] is not eligible for getting processed by all BeanPostProcessors (for example: not eligible for auto-proxying)
2017-04-03 19:15:08.610  INFO 12520 --- [    Test worker] s.w.s.m.m.a.RequestMappingHandlerAdapter : Looking for @ControllerAdvice: org.springframework.web.context.support.GenericWebApplicationContext@3053f800: startup date [Mon Apr 03 19:15:05 ICT 2017]; root of context hierarchy
2017-04-03 19:15:08.688  INFO 12520 --- [    Test worker] s.w.s.m.m.a.RequestMappingHandlerMapping : Mapped "{[/getPicFromCamera],methods=[GET]}" onto public boolean Project.Controller.CameraController.getPicFromCamera()
2017-04-03 19:15:08.703  INFO 12520 --- [    Test worker] s.w.s.m.m.a.RequestMappingHandlerMapping : Mapped "{[/getAllStudentInBus],methods=[POST]}" onto public java.lang.String Project.Controller.InformationController.getAllStudentInBus(int)
2017-04-03 19:15:08.703  INFO 12520 --- [    Test worker] s.w.s.m.m.a.RequestMappingHandlerMapping : Mapped "{[/updateFireBaseToken],methods=[POST]}" onto public java.lang.Boolean Project.Controller.InformationController.updateFireBaseToken(int,java.lang.String)
2017-04-03 19:15:08.703  INFO 12520 --- [    Test worker] s.w.s.m.m.a.RequestMappingHandlerMapping : Mapped "{[/getTeacherById],methods=[POST]}" onto public Project.Model.Person.Person Project.Controller.InformationController.getPersonByPersonId(int)
2017-04-03 19:15:08.703  INFO 12520 --- [    Test worker] s.w.s.m.m.a.RequestMappingHandlerMapping : Mapped "{[/addParentAndStudentRelationships],methods=[POST]}" onto public java.lang.Boolean Project.Controller.InformationController.addParentAndStudentRelationships(int,java.util.ArrayList<java.lang.Integer>)
2017-04-03 19:15:08.703  INFO 12520 --- [    Test worker] s.w.s.m.m.a.RequestMappingHandlerMapping : Mapped "{[/cancelStudentTrip],methods=[POST]}" onto public boolean Project.Controller.InformationController.cancelStudentTrip(java.util.ArrayList<java.lang.Integer>)
2017-04-03 19:15:08.703  INFO 12520 --- [    Test worker] s.w.s.m.m.a.RequestMappingHandlerMapping : Mapped "{[/getStudentsByTeacherOrParent],methods=[POST]}" onto public java.util.ArrayList<Project.Model.Person.Student> Project.Controller.InformationController.getStudentsByTeacherOrParent(int)
2017-04-03 19:15:08.703  INFO 12520 --- [    Test worker] s.w.s.m.m.a.RequestMappingHandlerMapping : Mapped "{[/getAllStudentInCurrentTrip],methods=[POST]}" onto public java.util.ArrayList<Project.Model.Person.Student> Project.Controller.InformationController.getAllStudentInCurrentTrip(int)
2017-04-03 19:15:08.703  INFO 12520 --- [    Test worker] s.w.s.m.m.a.RequestMappingHandlerMapping : Mapped "{[/addTeacherAndStudentRelationships],methods=[POST]}" onto public java.lang.Boolean Project.Controller.InformationController.addTeacherAndStudentRelationships(int,java.util.ArrayList<java.lang.Integer>,java.lang.String)
2017-04-03 19:15:08.703  INFO 12520 --- [    Test worker] s.w.s.m.m.a.RequestMappingHandlerMapping : Mapped "{[/getImageFromBus],methods=[POST]}" onto public java.lang.String Project.Controller.InformationController.getImageFromBus(int)
2017-04-03 19:15:08.703  INFO 12520 --- [    Test worker] s.w.s.m.m.a.RequestMappingHandlerMapping : Mapped "{[/saveCamera],methods=[POST]}" onto public boolean Project.Controller.InformationController.saveCamera(int,java.lang.String,boolean)
2017-04-03 19:15:08.703  INFO 12520 --- [    Test worker] s.w.s.m.m.a.RequestMappingHandlerMapping : Mapped "{[/setTypeOfService],methods=[POST]}" onto public boolean Project.Controller.InformationController.setTypeOfService(Project.Model.Enumerator.TypeOfService,int)
2017-04-03 19:15:08.703  INFO 12520 --- [    Test worker] s.w.s.m.m.a.RequestMappingHandlerMapping : Mapped "{[/getTeachers],methods=[POST]}" onto public java.util.ArrayList<Project.Model.Person.Teacher> Project.Controller.InformationController.getTeachers(int)
2017-04-03 19:15:08.703  INFO 12520 --- [    Test worker] s.w.s.m.m.a.RequestMappingHandlerMapping : Mapped "{[/getParents],methods=[POST]}" onto public java.util.ArrayList<Project.Model.Person.Parent> Project.Controller.InformationController.getParents(int)
2017-04-03 19:15:08.703  INFO 12520 --- [    Test worker] s.w.s.m.m.a.RequestMappingHandlerMapping : Mapped "{[/getStudentInformationWeb],methods=[POST]}" onto public Project.Model.Person.Student Project.Controller.InformationController.getStudentWeb(int)
2017-04-03 19:15:08.703  INFO 12520 --- [    Test worker] s.w.s.m.m.a.RequestMappingHandlerMapping : Mapped "{[/getAllTeachers],methods=[POST]}" onto public java.util.ArrayList<Project.Model.Person.Person> Project.Controller.InformationController.getAllTeachers()
2017-04-03 19:15:08.703  INFO 12520 --- [    Test worker] s.w.s.m.m.a.RequestMappingHandlerMapping : Mapped "{[/clearTrip],methods=[POST]}" onto public boolean Project.Controller.InformationController.clearTrip()
2017-04-03 19:15:08.703  INFO 12520 --- [    Test worker] s.w.s.m.m.a.RequestMappingHandlerMapping : Mapped "{[/getAllStudentInformation],methods=[POST]}" onto public java.util.ArrayList<Project.Model.Person.Student> Project.Controller.InformationController.getAllStudent(int,boolean)
2017-04-03 19:15:08.703  INFO 12520 --- [    Test worker] s.w.s.m.m.a.RequestMappingHandlerMapping : Mapped "{[/testVelo],methods=[POST]}" onto public double Project.Controller.InformationController.testVelo(java.sql.Timestamp,java.sql.Timestamp,double,double,double,double)
2017-04-03 19:15:08.703  INFO 12520 --- [    Test worker] s.w.s.m.m.a.RequestMappingHandlerMapping : Mapped "{[/getPersons],methods=[POST]}" onto public java.util.ArrayList<Project.Model.Person.Person> Project.Controller.InformationController.getPersons()
2017-04-03 19:15:08.703  INFO 12520 --- [    Test worker] s.w.s.m.m.a.RequestMappingHandlerMapping : Mapped "{[/getBusDetail],methods=[POST]}" onto public java.lang.String Project.Controller.InformationController.getBusDetail(int)
2017-04-03 19:15:08.703  INFO 12520 --- [    Test worker] s.w.s.m.m.a.RequestMappingHandlerMapping : Mapped "{[/showDriverDetail],methods=[POST]}" onto public Project.Model.Person.Driver Project.Controller.InformationController.showDriverDetail(int)
2017-04-03 19:15:08.703  INFO 12520 --- [    Test worker] s.w.s.m.m.a.RequestMappingHandlerMapping : Mapped "{[/getSchoolDetail],methods=[POST]}" onto public Project.Model.School Project.Controller.InformationController.getSchoolDetail(java.lang.String)
2017-04-03 19:15:08.703  INFO 12520 --- [    Test worker] s.w.s.m.m.a.RequestMappingHandlerMapping : Mapped "{[/getAllParents],methods=[POST]}" onto public java.util.ArrayList<Project.Model.Person.Person> Project.Controller.InformationController.getAllParents()
2017-04-03 19:15:08.703  INFO 12520 --- [    Test worker] s.w.s.m.m.a.RequestMappingHandlerMapping : Mapped "{[/addStudentsTrip],methods=[POST]}" onto boolean Project.Controller.InformationController.addStudentsTrip(java.util.ArrayList<java.lang.Integer>,int)
2017-04-03 19:15:08.703  INFO 12520 --- [    Test worker] s.w.s.m.m.a.RequestMappingHandlerMapping : Mapped "{[/deletePerson],methods=[POST]}" onto public boolean Project.Controller.InformationController.deletePerson(int)
2017-04-03 19:15:08.703  INFO 12520 --- [    Test worker] s.w.s.m.m.a.RequestMappingHandlerMapping : Mapped "{[/getAllPassengerInformation],methods=[POST]}" onto public java.lang.String Project.Controller.InformationController.getPassenger(int,boolean)
2017-04-03 19:15:08.703  INFO 12520 --- [    Test worker] s.w.s.m.m.a.RequestMappingHandlerMapping : Mapped "{[/getStudentInformation],methods=[POST]}" onto public Project.Model.Person.Student Project.Controller.InformationController.getStudent(int)
2017-04-03 19:15:08.703  INFO 12520 --- [    Test worker] s.w.s.m.m.a.RequestMappingHandlerMapping : Mapped "{[/getPerson],methods=[POST]}" onto public Project.Model.Person.Person Project.Controller.InformationController.getPerson(int)
2017-04-03 19:15:08.703  INFO 12520 --- [    Test worker] s.w.s.m.m.a.RequestMappingHandlerMapping : Mapped "{[/getPersonImage],methods=[POST]}" onto public java.lang.String Project.Controller.InformationController.getPersonImage(int)
2017-04-03 19:15:08.703  INFO 12520 --- [    Test worker] s.w.s.m.m.a.RequestMappingHandlerMapping : Mapped "{[/register],methods=[POST]}" onto public java.lang.String Project.Controller.MemberController.register(java.lang.String)
2017-04-03 19:15:08.703  INFO 12520 --- [    Test worker] s.w.s.m.m.a.RequestMappingHandlerMapping : Mapped "{[/signOnWithFb],methods=[POST]}" onto public java.lang.String Project.Controller.MemberController.signOnWithFacebook(java.lang.String)
2017-04-03 19:15:08.703  INFO 12520 --- [    Test worker] s.w.s.m.m.a.RequestMappingHandlerMapping : Mapped "{[/signUp],methods=[POST]}" onto public boolean Project.Controller.MemberController.signUp(java.lang.String,java.lang.String,Project.Model.Enumerator.Role,java.lang.String,java.lang.String,java.lang.String,java.util.ArrayList<java.lang.String>,java.lang.String)
2017-04-03 19:15:08.703  INFO 12520 --- [    Test worker] s.w.s.m.m.a.RequestMappingHandlerMapping : Mapped "{[/signIn],methods=[POST]}" onto public java.lang.String Project.Controller.MemberController.logIn(java.lang.String,java.lang.String)
2017-04-03 19:15:08.719  INFO 12520 --- [    Test worker] s.w.s.m.m.a.RequestMappingHandlerMapping : Mapped "{[/addStudent],methods=[POST]}" onto public boolean Project.Controller.MemberController.addStudent(java.lang.String,java.lang.String,java.lang.String,java.lang.String,Project.Model.Enumerator.TypeOfService,java.util.ArrayList<java.lang.String>,java.lang.String)
2017-04-03 19:15:08.719  INFO 12520 --- [    Test worker] s.w.s.m.m.a.RequestMappingHandlerMapping : Mapped "{[/notify],methods=[POST]}" onto public java.util.ArrayList<java.lang.String> Project.Controller.NotificationController.notifyAll(java.util.ArrayList<java.lang.Integer>,java.lang.String,java.lang.String)
2017-04-03 19:15:08.719  INFO 12520 --- [    Test worker] s.w.s.m.m.a.RequestMappingHandlerMapping : Mapped "{[/setAlarm],methods=[POST]}" onto public boolean Project.Controller.NotificationController.setAlarm(int,int,int)
2017-04-03 19:15:08.719  INFO 12520 --- [    Test worker] s.w.s.m.m.a.RequestMappingHandlerMapping : Mapped "{[/studentArrival],methods=[POST]}" onto public java.util.ArrayList<java.lang.String> Project.Controller.NotificationController.studentArrival(int,java.lang.String)
2017-04-03 19:15:08.719  INFO 12520 --- [    Test worker] s.w.s.m.m.a.RequestMappingHandlerMapping : Mapped "{[/schoolArrival],methods=[POST]}" onto public java.util.ArrayList<java.lang.String> Project.Controller.NotificationController.schoolArrival(int,java.lang.String)
2017-04-03 19:15:08.719  INFO 12520 --- [    Test worker] s.w.s.m.m.a.RequestMappingHandlerMapping : Mapped "{[/getBusCurrentPosition],methods=[POST]}" onto public Project.Model.Position.Bus Project.Controller.PositionController.getBusCurrentPosition(int)
2017-04-03 19:15:08.719  INFO 12520 --- [    Test worker] s.w.s.m.m.a.RequestMappingHandlerMapping : Mapped "{[/getAllCurrentBusPosition],methods=[POST]}" onto public java.util.ArrayList<Project.Model.Position.Bus> Project.Controller.PositionController.getAllCurrentBusPosition()
2017-04-03 19:15:08.719  INFO 12520 --- [    Test worker] s.w.s.m.m.a.RequestMappingHandlerMapping : Mapped "{[/addTemporary],methods=[POST]}" onto public boolean Project.Controller.PositionController.addTemporaryRoute(int,double,double,java.lang.String,java.lang.String,int)
2017-04-03 19:15:08.719  INFO 12520 --- [    Test worker] s.w.s.m.m.a.RequestMappingHandlerMapping : Mapped "{[/addBusPosition],methods=[POST]}" onto public boolean Project.Controller.PositionController.addBusPosition(int,double,double,Project.Model.Enumerator.Status,long)
2017-04-03 19:15:08.719  INFO 12520 --- [    Test worker] s.w.s.m.m.a.RequestMappingHandlerMapping : Mapped "{[/estimateTime],methods=[POST]}" onto public java.lang.String Project.Controller.PositionController.estimateTime(int)
2017-04-03 19:15:08.719  INFO 12520 --- [    Test worker] s.w.s.m.m.a.RequestMappingHandlerMapping : Mapped "{[/addRoute],methods=[POST]}" onto public java.lang.Integer Project.Controller.PositionController.addRoute(java.util.ArrayList<java.lang.Double>,java.util.ArrayList<java.lang.Double>,Project.Model.Enumerator.Type,java.util.ArrayList<java.lang.String>,java.util.ArrayList<java.lang.String>,java.util.ArrayList<java.lang.Integer>)
2017-04-03 19:15:08.719  INFO 12520 --- [    Test worker] s.w.s.m.m.a.RequestMappingHandlerMapping : Mapped "{[/getOnOrOffBus],methods=[POST]}" onto public java.lang.String Project.Controller.PositionController.getOnOrOffBus(int,int,double,double,boolean,Project.Model.Enumerator.IsInBus)
2017-04-03 19:15:08.719  INFO 12520 --- [    Test worker] s.w.s.m.m.a.RequestMappingHandlerMapping : Mapped "{[/getCurrentRoute],methods=[POST]}" onto public java.util.ArrayList<Project.Model.Position.Position> Project.Controller.PositionController.getCurrentRoute(int)
2017-04-03 19:15:08.719  INFO 12520 --- [    Test worker] s.w.s.m.m.a.RequestMappingHandlerMapping : Mapped "{[/deleteRoute],methods=[POST]}" onto public boolean Project.Controller.PositionController.deleteRoute(int)
2017-04-03 19:15:08.719  INFO 12520 --- [    Test worker] s.w.s.m.m.a.RequestMappingHandlerMapping : Mapped "{[/setBusRoute],methods=[POST]}" onto public boolean Project.Controller.PositionController.setBusRoute(int,int)
2017-04-03 19:15:08.719  INFO 12520 --- [    Test worker] s.w.s.m.m.a.RequestMappingHandlerMapping : Mapped "{[/getAllBusRoute],methods=[POST]}" onto public java.util.ArrayList<Project.Model.Position.Route> Project.Controller.PositionController.getAllBusRoute()
2017-04-03 19:15:08.719  INFO 12520 --- [    Test worker] s.w.s.m.m.a.RequestMappingHandlerMapping : Mapped "{[/timeEstimation],methods=[POST]}" onto public java.lang.String Project.Controller.PositionController.timeEstimation(int)
2017-04-03 19:15:08.719  INFO 12520 --- [    Test worker] s.w.s.m.m.a.RequestMappingHandlerMapping : Mapped "{[/error]}" onto public org.springframework.http.ResponseEntity<java.util.Map<java.lang.String, java.lang.Object>> org.springframework.boot.autoconfigure.web.BasicErrorController.error(javax.servlet.http.HttpServletRequest)
2017-04-03 19:15:08.719  INFO 12520 --- [    Test worker] s.w.s.m.m.a.RequestMappingHandlerMapping : Mapped "{[/error],produces=[text/html]}" onto public org.springframework.web.servlet.ModelAndView org.springframework.boot.autoconfigure.web.BasicErrorController.errorHtml(javax.servlet.http.HttpServletRequest,javax.servlet.http.HttpServletResponse)
2017-04-03 19:15:08.770  INFO 12520 --- [    Test worker] o.s.w.s.handler.SimpleUrlHandlerMapping  : Mapped URL path [/webjars/**] onto handler of type [class org.springframework.web.servlet.resource.ResourceHttpRequestHandler]
2017-04-03 19:15:08.770  INFO 12520 --- [    Test worker] o.s.w.s.handler.SimpleUrlHandlerMapping  : Mapped URL path [/**] onto handler of type [class org.springframework.web.servlet.resource.ResourceHttpRequestHandler]
2017-04-03 19:15:08.817  INFO 12520 --- [    Test worker] o.s.w.s.handler.SimpleUrlHandlerMapping  : Mapped URL path [/**/favicon.ico] onto handler of type [class org.springframework.web.servlet.resource.ResourceHttpRequestHandler]
2017-04-03 19:15:09.348  INFO 12520 --- [    Test worker] o.s.b.a.e.mvc.EndpointHandlerMapping     : Mapped "{[/mappings || /mappings.json],methods=[GET],produces=[application/json]}" onto public java.lang.Object org.springframework.boot.actuate.endpoint.mvc.EndpointMvcAdapter.invoke()
2017-04-03 19:15:09.348  INFO 12520 --- [    Test worker] o.s.b.a.e.mvc.EndpointHandlerMapping     : Mapped "{[/autoconfig || /autoconfig.json],methods=[GET],produces=[application/json]}" onto public java.lang.Object org.springframework.boot.actuate.endpoint.mvc.EndpointMvcAdapter.invoke()
2017-04-03 19:15:09.348  INFO 12520 --- [    Test worker] o.s.b.a.e.mvc.EndpointHandlerMapping     : Mapped "{[/configprops || /configprops.json],methods=[GET],produces=[application/json]}" onto public java.lang.Object org.springframework.boot.actuate.endpoint.mvc.EndpointMvcAdapter.invoke()
2017-04-03 19:15:09.348  INFO 12520 --- [    Test worker] o.s.b.a.e.mvc.EndpointHandlerMapping     : Mapped "{[/metrics/{name:.*}],methods=[GET],produces=[application/json]}" onto public java.lang.Object org.springframework.boot.actuate.endpoint.mvc.MetricsMvcEndpoint.value(java.lang.String)
2017-04-03 19:15:09.348  INFO 12520 --- [    Test worker] o.s.b.a.e.mvc.EndpointHandlerMapping     : Mapped "{[/metrics || /metrics.json],methods=[GET],produces=[application/json]}" onto public java.lang.Object org.springframework.boot.actuate.endpoint.mvc.EndpointMvcAdapter.invoke()
2017-04-03 19:15:09.348  INFO 12520 --- [    Test worker] o.s.b.a.e.mvc.EndpointHandlerMapping     : Mapped "{[/env/{name:.*}],methods=[GET],produces=[application/json]}" onto public java.lang.Object org.springframework.boot.actuate.endpoint.mvc.EnvironmentMvcEndpoint.value(java.lang.String)
2017-04-03 19:15:09.348  INFO 12520 --- [    Test worker] o.s.b.a.e.mvc.EndpointHandlerMapping     : Mapped "{[/env || /env.json],methods=[GET],produces=[application/json]}" onto public java.lang.Object org.springframework.boot.actuate.endpoint.mvc.EndpointMvcAdapter.invoke()
2017-04-03 19:15:09.348  INFO 12520 --- [    Test worker] o.s.b.a.e.mvc.EndpointHandlerMapping     : Mapped "{[/health || /health.json],produces=[application/json]}" onto public java.lang.Object org.springframework.boot.actuate.endpoint.mvc.HealthMvcEndpoint.invoke(java.security.Principal)
2017-04-03 19:15:09.348  INFO 12520 --- [    Test worker] o.s.b.a.e.mvc.EndpointHandlerMapping     : Mapped "{[/dump || /dump.json],methods=[GET],produces=[application/json]}" onto public java.lang.Object org.springframework.boot.actuate.endpoint.mvc.EndpointMvcAdapter.invoke()
2017-04-03 19:15:09.348  INFO 12520 --- [    Test worker] o.s.b.a.e.mvc.EndpointHandlerMapping     : Mapped "{[/heapdump || /heapdump.json],methods=[GET],produces=[application/octet-stream]}" onto public void org.springframework.boot.actuate.endpoint.mvc.HeapdumpMvcEndpoint.invoke(boolean,javax.servlet.http.HttpServletRequest,javax.servlet.http.HttpServletResponse) throws java.io.IOException,javax.servlet.ServletException
2017-04-03 19:15:09.364  INFO 12520 --- [    Test worker] o.s.b.a.e.mvc.EndpointHandlerMapping     : Mapped "{[/beans || /beans.json],methods=[GET],produces=[application/json]}" onto public java.lang.Object org.springframework.boot.actuate.endpoint.mvc.EndpointMvcAdapter.invoke()
2017-04-03 19:15:09.364  INFO 12520 --- [    Test worker] o.s.b.a.e.mvc.EndpointHandlerMapping     : Mapped "{[/info || /info.json],methods=[GET],produces=[application/json]}" onto public java.lang.Object org.springframework.boot.actuate.endpoint.mvc.EndpointMvcAdapter.invoke()
2017-04-03 19:15:09.364  INFO 12520 --- [    Test worker] o.s.b.a.e.mvc.EndpointHandlerMapping     : Mapped "{[/trace || /trace.json],methods=[GET],produces=[application/json]}" onto public java.lang.Object org.springframework.boot.actuate.endpoint.mvc.EndpointMvcAdapter.invoke()
2017-04-03 19:15:09.708  INFO 12520 --- [    Test worker] P.SchoolBusSupportSystemApplicationTests : Started SchoolBusSupportSystemApplicationTests in 5.165 seconds (JVM running for 6.644)
]]></system-out>
  <system-err><![CDATA[]]></system-err>
</testsuite>
